<?xml version="1.0" encoding="UTF-8"?>
<testng-results ignored="0" total="1" passed="1" failed="0" skipped="0">
  <reporter-output>
    <line>
      <![CDATA[SignIn Action is successfully perfomred]]>
    </line>
  </reporter-output>
  <suite started-at="2023-07-08T14:01:38 IST" name="Testing Demo Apps" finished-at="2023-07-08T14:01:55 IST" duration-ms="17199">
    <groups>
    </groups>
    <test started-at="2023-07-08T14:01:38 IST" name="Regression" finished-at="2023-07-08T14:01:55 IST" duration-ms="17199">
      <class name="automationFramework.AutomationFramework.Framework_001">
        <test-method is-config="true" signature="beforeMethod()[pri:0, instance:automationFramework.AutomationFramework.Framework_001@3ba987b8]" started-at="2023-07-08T14:01:38 IST" name="beforeMethod" finished-at="2023-07-08T14:01:51 IST" duration-ms="13008" status="PASS">
          <reporter-output>
          </reporter-output>
        </test-method> <!-- beforeMethod -->
        <test-method signature="main()[pri:0, instance:automationFramework.AutomationFramework.Framework_001@3ba987b8]" started-at="2023-07-08T14:01:51 IST" name="main" finished-at="2023-07-08T14:01:55 IST" duration-ms="3848" status="PASS">
          <reporter-output>
            <line>
              <![CDATA[SignIn Action is successfully perfomred]]>
            </line>
          </reporter-output>
        </test-method> <!-- main -->
        <test-method is-config="true" signature="afterMethod()[pri:0, instance:automationFramework.AutomationFramework.Framework_001@3ba987b8]" started-at="2023-07-08T14:01:55 IST" name="afterMethod" finished-at="2023-07-08T14:01:55 IST" duration-ms="272" status="PASS">
          <reporter-output>
          </reporter-output>
        </test-method> <!-- afterMethod -->
      </class> <!-- automationFramework.AutomationFramework.Framework_001 -->
    </test> <!-- Regression -->
  </suite> <!-- Testing Demo Apps -->
</testng-results>
